[2025-12-19 18:26:23] production.ERROR: file_get_contents(/home/e/e340043kek/TelegramBot/.env_old): Failed to open stream: No such file or directory {"exception":"[object] (ErrorException(code: 0): file_get_contents(/home/e/e340043kek/TelegramBot/.env_old): Failed to open stream: No such file or directory at /home/e/e340043kek/TelegramBot/vendor/laravel/framework/src/Illuminate/Foundation/Console/KeyGenerateCommand.php:100)
[stacktrace]
#0 /home/e/e340043kek/TelegramBot/vendor/laravel/framework/src/Illuminate/Foundation/Bootstrap/HandleExceptions.php(255): Illuminate\\Foundation\\Bootstrap\\HandleExceptions->handleError()
#1 [internal function]: Illuminate\\Foundation\\Bootstrap\\HandleExceptions->Illuminate\\Foundation\\Bootstrap\\{closure}()
#2 /home/e/e340043kek/TelegramBot/vendor/laravel/framework/src/Illuminate/Foundation/Console/KeyGenerateCommand.php(100): file_get_contents()
#3 /home/e/e340043kek/TelegramBot/vendor/laravel/framework/src/Illuminate/Foundation/Console/KeyGenerateCommand.php(82): Illuminate\\Foundation\\Console\\KeyGenerateCommand->writeNewEnvironmentFileWith()
#4 /home/e/e340043kek/TelegramBot/vendor/laravel/framework/src/Illuminate/Foundation/Console/KeyGenerateCommand.php(47): Illuminate\\Foundation\\Console\\KeyGenerateCommand->setKeyInEnvironmentFile()
#5 /home/e/e340043kek/TelegramBot/vendor/laravel/framework/src/Illuminate/Container/BoundMethod.php(36): Illuminate\\Foundation\\Console\\KeyGenerateCommand->handle()
#6 /home/e/e340043kek/TelegramBot/vendor/laravel/framework/src/Illuminate/Container/Util.php(41): Illuminate\\Container\\BoundMethod::Illuminate\\Container\\{closure}()
#7 /home/e/e340043kek/TelegramBot/vendor/laravel/framework/src/Illuminate/Container/BoundMethod.php(93): Illuminate\\Container\\Util::unwrapIfClosure()
#8 /home/e/e340043kek/TelegramBot/vendor/laravel/framework/src/Illuminate/Container/BoundMethod.php(37): Illuminate\\Container\\BoundMethod::callBoundMethod()
#9 /home/e/e340043kek/TelegramBot/vendor/laravel/framework/src/Illuminate/Container/Container.php(662): Illuminate\\Container\\BoundMethod::call()
#10 /home/e/e340043kek/TelegramBot/vendor/laravel/framework/src/Illuminate/Console/Command.php(211): Illuminate\\Container\\Container->call()
#11 /home/e/e340043kek/TelegramBot/vendor/symfony/console/Command/Command.php(326): Illuminate\\Console\\Command->execute()
#12 /home/e/e340043kek/TelegramBot/vendor/laravel/framework/src/Illuminate/Console/Command.php(181): Symfony\\Component\\Console\\Command\\Command->run()
#13 /home/e/e340043kek/TelegramBot/vendor/symfony/console/Application.php(1106): Illuminate\\Console\\Command->run()
#14 /home/e/e340043kek/TelegramBot/vendor/symfony/console/Application.php(324): Symfony\\Component\\Console\\Application->doRunCommand()
#15 /home/e/e340043kek/TelegramBot/vendor/symfony/console/Application.php(175): Symfony\\Component\\Console\\Application->doRun()
#16 /home/e/e340043kek/TelegramBot/vendor/laravel/framework/src/Illuminate/Foundation/Console/Kernel.php(201): Symfony\\Component\\Console\\Application->run()
#17 /home/e/e340043kek/TelegramBot/artisan(37): Illuminate\\Foundation\\Console\\Kernel->handle()
#18 {main}
"} 
[2025-12-19 19:03:30] production.ERROR: Call to a member function addEagerConstraints() on null {"exception":"[object] (Error(code: 0): Call to a member function addEagerConstraints() on null at /home/e/e340043kek/TelegramBot/vendor/laravel/framework/src/Illuminate/Database/Eloquent/Builder.php:778)
[stacktrace]
#0 /home/e/e340043kek/TelegramBot/vendor/laravel/framework/src/Illuminate/Database/Eloquent/Builder.php(756): Illuminate\\Database\\Eloquent\\Builder->eagerLoadRelation(Array, 'details', Object(Closure))
#1 /home/e/e340043kek/TelegramBot/vendor/laravel/framework/src/Illuminate/Database/Eloquent/Model.php(705): Illuminate\\Database\\Eloquent\\Builder->eagerLoadRelations(Array)
#2 /home/e/e340043kek/TelegramBot/app/Http/Controllers/Api/UserMedicineController.php(43): Illuminate\\Database\\Eloquent\\Model->load('details')
#3 /home/e/e340043kek/TelegramBot/vendor/laravel/framework/src/Illuminate/Routing/Controller.php(54): App\\Http\\Controllers\\Api\\UserMedicineController->store(Object(Illuminate\\Http\\Request))
#4 /home/e/e340043kek/TelegramBot/vendor/laravel/framework/src/Illuminate/Routing/ControllerDispatcher.php(43): Illuminate\\Routing\\Controller->callAction('store', Array)
#5 /home/e/e340043kek/TelegramBot/vendor/laravel/framework/src/Illuminate/Routing/Route.php(260): Illuminate\\Routing\\ControllerDispatcher->dispatch(Object(Illuminate\\Routing\\Route), Object(App\\Http\\Controllers\\Api\\UserMedicineController), 'store')
#6 /home/e/e340043kek/TelegramBot/vendor/laravel/framework/src/Illuminate/Routing/Route.php(205): Illuminate\\Routing\\Route->runController()
#7 /home/e/e340043kek/TelegramBot/vendor/laravel/framework/src/Illuminate/Routing/Router.php(806): Illuminate\\Routing\\Route->run()
#8 /home/e/e340043kek/TelegramBot/vendor/laravel/framework/src/Illuminate/Pipeline/Pipeline.php(144): Illuminate\\Routing\\Router->Illuminate\\Routing\\{closure}(Object(Illuminate\\Http\\Request))
#9 /home/e/e340043kek/TelegramBot/vendor/laravel/framework/src/Illuminate/Routing/Middleware/SubstituteBindings.php(50): Illuminate\\Pipeline\\Pipeline->Illuminate\\Pipeline\\{closure}(Object(Illuminate\\Http\\Request))
#10 /home/e/e340043kek/TelegramBot/vendor/laravel/framework/src/Illuminate/Pipeline/Pipeline.php(183): Illuminate\\Routing\\Middleware\\SubstituteBindings->handle(Object(Illuminate\\Http\\Request), Object(Closure))
#11 /home/e/e340043kek/TelegramBot/vendor/laravel/framework/src/Illuminate/Routing/Middleware/ThrottleRequests.php(159): Illuminate\\Pipeline\\Pipeline->Illuminate\\Pipeline\\{closure}(Object(Illuminate\\Http\\Request))
#12 /home/e/e340043kek/TelegramBot/vendor/laravel/framework/src/Illuminate/Routing/Middleware/ThrottleRequests.php(135): Illuminate\\Routing\\Middleware\\ThrottleRequests->handleRequest(Object(Illuminate\\Http\\Request), Object(Closure), Array)
#13 /home/e/e340043kek/TelegramBot/vendor/laravel/framework/src/Illuminate/Routing/Middleware/ThrottleRequests.php(87): Illuminate\\Routing\\Middleware\\ThrottleRequests->handleRequestUsingNamedLimiter(Object(Illuminate\\Http\\Request), Object(Closure), 'api', Object(Closure))
#14 /home/e/e340043kek/TelegramBot/vendor/laravel/framework/src/Illuminate/Pipeline/Pipeline.php(183): Illuminate\\Routing\\Middleware\\ThrottleRequests->handle(Object(Illuminate\\Http\\Request), Object(Closure), 'api')
#15 /home/e/e340043kek/TelegramBot/vendor/laravel/framework/src/Illuminate/Pipeline/Pipeline.php(119): Illuminate\\Pipeline\\Pipeline->Illuminate\\Pipeline\\{closure}(Object(Illuminate\\Http\\Request))
#16 /home/e/e340043kek/TelegramBot/vendor/laravel/framework/src/Illuminate/Routing/Router.php(807): Illuminate\\Pipeline\\Pipeline->then(Object(Closure))
#17 /home/e/e340043kek/TelegramBot/vendor/laravel/framework/src/Illuminate/Routing/Router.php(784): Illuminate\\Routing\\Router->runRouteWithinStack(Object(Illuminate\\Routing\\Route), Object(Illuminate\\Http\\Request))
#18 /home/e/e340043kek/TelegramBot/vendor/laravel/framework/src/Illuminate/Routing/Router.php(748): Illuminate\\Routing\\Router->runRoute(Object(Illuminate\\Http\\Request), Object(Illuminate\\Routing\\Route))
#19 /home/e/e340043kek/TelegramBot/vendor/laravel/framework/src/Illuminate/Routing/Router.php(737): Illuminate\\Routing\\Router->dispatchToRoute(Object(Illuminate\\Http\\Request))
#20 /home/e/e340043kek/TelegramBot/vendor/laravel/framework/src/Illuminate/Foundation/Http/Kernel.php(200): Illuminate\\Routing\\Router->dispatch(Object(Illuminate\\Http\\Request))
#21 /home/e/e340043kek/TelegramBot/vendor/laravel/framework/src/Illuminate/Pipeline/Pipeline.php(144): Illuminate\\Foundation\\Http\\Kernel->Illuminate\\Foundation\\Http\\{closure}(Object(Illuminate\\Http\\Request))
#22 /home/e/e340043kek/TelegramBot/vendor/laravel/framework/src/Illuminate/Foundation/Http/Middleware/TransformsRequest.php(21): Illuminate\\Pipeline\\Pipeline->Illuminate\\Pipeline\\{closure}(Object(Illuminate\\Http\\Request))
#23 /home/e/e340043kek/TelegramBot/vendor/laravel/framework/src/Illuminate/Foundation/Http/Middleware/ConvertEmptyStringsToNull.php(31): Illuminate\\Foundation\\Http\\Middleware\\TransformsRequest->handle(Object(Illuminate\\Http\\Request), Object(Closure))
#24 /home/e/e340043kek/TelegramBot/vendor/laravel/framework/src/Illuminate/Pipeline/Pipeline.php(183): Illuminate\\Foundation\\Http\\Middleware\\ConvertEmptyStringsToNull->handle(Object(Illuminate\\Http\\Request), Object(Closure))
#25 /home/e/e340043kek/TelegramBot/vendor/laravel/framework/src/Illuminate/Foundation/Http/Middleware/TransformsRequest.php(21): Illuminate\\Pipeline\\Pipeline->Illuminate\\Pipeline\\{closure}(Object(Illuminate\\Http\\Request))
#26 /home/e/e340043kek/TelegramBot/vendor/laravel/framework/src/Illuminate/Foundation/Http/Middleware/TrimStrings.php(40): Illuminate\\Foundation\\Http\\Middleware\\TransformsRequest->handle(Object(Illuminate\\Http\\Request), Object(Closure))
#27 /home/e/e340043kek/TelegramBot/vendor/laravel/framework/src/Illuminate/Pipeline/Pipeline.php(183): Illuminate\\Foundation\\Http\\Middleware\\TrimStrings->handle(Object(Illuminate\\Http\\Request), Object(Closure))
#28 /home/e/e340043kek/TelegramBot/vendor/laravel/framework/src/Illuminate/Foundation/Http/Middleware/ValidatePostSize.php(27): Illuminate\\Pipeline\\Pipeline->Illuminate\\Pipeline\\{closure}(Object(Illuminate\\Http\\Request))
#29 /home/e/e340043kek/TelegramBot/vendor/laravel/framework/src/Illuminate/Pipeline/Pipeline.php(183): Illuminate\\Foundation\\Http\\Middleware\\ValidatePostSize->handle(Object(Illuminate\\Http\\Request), Object(Closure))
#30 /home/e/e340043kek/TelegramBot/vendor/laravel/framework/src/Illuminate/Foundation/Http/Middleware/PreventRequestsDuringMaintenance.php(99): Illuminate\\Pipeline\\Pipeline->Illuminate\\Pipeline\\{closure}(Object(Illuminate\\Http\\Request))
#31 /home/e/e340043kek/TelegramBot/vendor/laravel/framework/src/Illuminate/Pipeline/Pipeline.php(183): Illuminate\\Foundation\\Http\\Middleware\\PreventRequestsDuringMaintenance->handle(Object(Illuminate\\Http\\Request), Object(Closure))
#32 /home/e/e340043kek/TelegramBot/vendor/laravel/framework/src/Illuminate/Http/Middleware/HandleCors.php(62): Illuminate\\Pipeline\\Pipeline->Illuminate\\Pipeline\\{closure}(Object(Illuminate\\Http\\Request))
#33 /home/e/e340043kek/TelegramBot/vendor/laravel/framework/src/Illuminate/Pipeline/Pipeline.php(183): Illuminate\\Http\\Middleware\\HandleCors->handle(Object(Illuminate\\Http\\Request), Object(Closure))
#34 /home/e/e340043kek/TelegramBot/vendor/laravel/framework/src/Illuminate/Http/Middleware/TrustProxies.php(39): Illuminate\\Pipeline\\Pipeline->Illuminate\\Pipeline\\{closure}(Object(Illuminate\\Http\\Request))
#35 /home/e/e340043kek/TelegramBot/vendor/laravel/framework/src/Illuminate/Pipeline/Pipeline.php(183): Illuminate\\Http\\Middleware\\TrustProxies->handle(Object(Illuminate\\Http\\Request), Object(Closure))
#36 /home/e/e340043kek/TelegramBot/vendor/laravel/framework/src/Illuminate/Pipeline/Pipeline.php(119): Illuminate\\Pipeline\\Pipeline->Illuminate\\Pipeline\\{closure}(Object(Illuminate\\Http\\Request))
#37 /home/e/e340043kek/TelegramBot/vendor/laravel/framework/src/Illuminate/Foundation/Http/Kernel.php(175): Illuminate\\Pipeline\\Pipeline->then(Object(Closure))
#38 /home/e/e340043kek/TelegramBot/vendor/laravel/framework/src/Illuminate/Foundation/Http/Kernel.php(144): Illuminate\\Foundation\\Http\\Kernel->sendRequestThroughRouter(Object(Illuminate\\Http\\Request))
#39 /home/e/e340043kek/public_html/index.php(55): Illuminate\\Foundation\\Http\\Kernel->handle(Object(Illuminate\\Http\\Request))
#40 {main}
"} 
[2025-12-19 19:03:59] production.ERROR: cURL error 28: Operation timed out after 30002 milliseconds with 21861 bytes received (see https://curl.haxx.se/libcurl/c/libcurl-errors.html) for https://bluzaus.ru/api/user-medicines {"exception":"[object] (Illuminate\\Http\\Client\\ConnectionException(code: 0): cURL error 28: Operation timed out after 30002 milliseconds with 21861 bytes received (see https://curl.haxx.se/libcurl/c/libcurl-errors.html) for https://bluzaus.ru/api/user-medicines at /home/e/e340043kek/TelegramBot/vendor/laravel/framework/src/Illuminate/Http/Client/PendingRequest.php:930)
[stacktrace]
#0 /home/e/e340043kek/TelegramBot/vendor/laravel/framework/src/Illuminate/Support/helpers.php(261): Illuminate\\Http\\Client\\PendingRequest->Illuminate\\Http\\Client\\{closure}(1)
#1 /home/e/e340043kek/TelegramBot/vendor/laravel/framework/src/Illuminate/Http/Client/PendingRequest.php(938): retry(0, Object(Closure), 100, Object(Closure))
#2 /home/e/e340043kek/TelegramBot/vendor/laravel/framework/src/Illuminate/Http/Client/PendingRequest.php(799): Illuminate\\Http\\Client\\PendingRequest->send('POST', 'https://bluzaus...', Array)
#3 /home/e/e340043kek/TelegramBot/vendor/laravel/framework/src/Illuminate/Http/Client/Factory.php(461): Illuminate\\Http\\Client\\PendingRequest->post('https://bluzaus...', Array)
#4 /home/e/e340043kek/TelegramBot/vendor/laravel/framework/src/Illuminate/Support/Facades/Facade.php(355): Illuminate\\Http\\Client\\Factory->__call('post', Array)
#5 /home/e/e340043kek/TelegramBot/app/Http/Controllers/TelegramBotController.php(157): Illuminate\\Support\\Facades\\Facade::__callStatic('post', Array)
#6 /home/e/e340043kek/TelegramBot/app/Http/Controllers/TelegramBotController.php(54): App\\Http\\Controllers\\TelegramBotController->addCustomToApteka(1155331497, '\\xD0\\xB0')
#7 /home/e/e340043kek/TelegramBot/vendor/laravel/framework/src/Illuminate/Routing/Controller.php(54): App\\Http\\Controllers\\TelegramBotController->webhook(Object(Illuminate\\Http\\Request))
#8 /home/e/e340043kek/TelegramBot/vendor/laravel/framework/src/Illuminate/Routing/ControllerDispatcher.php(43): Illuminate\\Routing\\Controller->callAction('webhook', Array)
#9 /home/e/e340043kek/TelegramBot/vendor/laravel/framework/src/Illuminate/Routing/Route.php(260): Illuminate\\Routing\\ControllerDispatcher->dispatch(Object(Illuminate\\Routing\\Route), Object(App\\Http\\Controllers\\TelegramBotController), 'webhook')
#10 /home/e/e340043kek/TelegramBot/vendor/laravel/framework/src/Illuminate/Routing/Route.php(205): Illuminate\\Routing\\Route->runController()
#11 /home/e/e340043kek/TelegramBot/vendor/laravel/framework/src/Illuminate/Routing/Router.php(806): Illuminate\\Routing\\Route->run()
#12 /home/e/e340043kek/TelegramBot/vendor/laravel/framework/src/Illuminate/Pipeline/Pipeline.php(144): Illuminate\\Routing\\Router->Illuminate\\Routing\\{closure}(Object(Illuminate\\Http\\Request))
#13 /home/e/e340043kek/TelegramBot/vendor/laravel/framework/src/Illuminate/Routing/Middleware/SubstituteBindings.php(50): Illuminate\\Pipeline\\Pipeline->Illuminate\\Pipeline\\{closure}(Object(Illuminate\\Http\\Request))
#14 /home/e/e340043kek/TelegramBot/vendor/laravel/framework/src/Illuminate/Pipeline/Pipeline.php(183): Illuminate\\Routing\\Middleware\\SubstituteBindings->handle(Object(Illuminate\\Http\\Request), Object(Closure))
#15 /home/e/e340043kek/TelegramBot/vendor/laravel/framework/src/Illuminate/Routing/Middleware/ThrottleRequests.php(159): Illuminate\\Pipeline\\Pipeline->Illuminate\\Pipeline\\{closure}(Object(Illuminate\\Http\\Request))
#16 /home/e/e340043kek/TelegramBot/vendor/laravel/framework/src/Illuminate/Routing/Middleware/ThrottleRequests.php(135): Illuminate\\Routing\\Middleware\\ThrottleRequests->handleRequest(Object(Illuminate\\Http\\Request), Object(Closure), Array)
#17 /home/e/e340043kek/TelegramBot/vendor/laravel/framework/src/Illuminate/Routing/Middleware/ThrottleRequests.php(87): Illuminate\\Routing\\Middleware\\ThrottleRequests->handleRequestUsingNamedLimiter(Object(Illuminate\\Http\\Request), Object(Closure), 'api', Object(Closure))
#18 /home/e/e340043kek/TelegramBot/vendor/laravel/framework/src/Illuminate/Pipeline/Pipeline.php(183): Illuminate\\Routing\\Middleware\\ThrottleRequests->handle(Object(Illuminate\\Http\\Request), Object(Closure), 'api')
#19 /home/e/e340043kek/TelegramBot/vendor/laravel/framework/src/Illuminate/Pipeline/Pipeline.php(119): Illuminate\\Pipeline\\Pipeline->Illuminate\\Pipeline\\{closure}(Object(Illuminate\\Http\\Request))
#20 /home/e/e340043kek/TelegramBot/vendor/laravel/framework/src/Illuminate/Routing/Router.php(807): Illuminate\\Pipeline\\Pipeline->then(Object(Closure))
#21 /home/e/e340043kek/TelegramBot/vendor/laravel/framework/src/Illuminate/Routing/Router.php(784): Illuminate\\Routing\\Router->runRouteWithinStack(Object(Illuminate\\Routing\\Route), Object(Illuminate\\Http\\Request))
#22 /home/e/e340043kek/TelegramBot/vendor/laravel/framework/src/Illuminate/Routing/Router.php(748): Illuminate\\Routing\\Router->runRoute(Object(Illuminate\\Http\\Request), Object(Illuminate\\Routing\\Route))
#23 /home/e/e340043kek/TelegramBot/vendor/laravel/framework/src/Illuminate/Routing/Router.php(737): Illuminate\\Routing\\Router->dispatchToRoute(Object(Illuminate\\Http\\Request))
#24 /home/e/e340043kek/TelegramBot/vendor/laravel/framework/src/Illuminate/Foundation/Http/Kernel.php(200): Illuminate\\Routing\\Router->dispatch(Object(Illuminate\\Http\\Request))
#25 /home/e/e340043kek/TelegramBot/vendor/laravel/framework/src/Illuminate/Pipeline/Pipeline.php(144): Illuminate\\Foundation\\Http\\Kernel->Illuminate\\Foundation\\Http\\{closure}(Object(Illuminate\\Http\\Request))
#26 /home/e/e340043kek/TelegramBot/vendor/laravel/framework/src/Illuminate/Foundation/Http/Middleware/TransformsRequest.php(21): Illuminate\\Pipeline\\Pipeline->Illuminate\\Pipeline\\{closure}(Object(Illuminate\\Http\\Request))
#27 /home/e/e340043kek/TelegramBot/vendor/laravel/framework/src/Illuminate/Foundation/Http/Middleware/ConvertEmptyStringsToNull.php(31): Illuminate\\Foundation\\Http\\Middleware\\TransformsRequest->handle(Object(Illuminate\\Http\\Request), Object(Closure))
#28 /home/e/e340043kek/TelegramBot/vendor/laravel/framework/src/Illuminate/Pipeline/Pipeline.php(183): Illuminate\\Foundation\\Http\\Middleware\\ConvertEmptyStringsToNull->handle(Object(Illuminate\\Http\\Request), Object(Closure))
#29 /home/e/e340043kek/TelegramBot/vendor/laravel/framework/src/Illuminate/Foundation/Http/Middleware/TransformsRequest.php(21): Illuminate\\Pipeline\\Pipeline->Illuminate\\Pipeline\\{closure}(Object(Illuminate\\Http\\Request))
#30 /home/e/e340043kek/TelegramBot/vendor/laravel/framework/src/Illuminate/Foundation/Http/Middleware/TrimStrings.php(40): Illuminate\\Foundation\\Http\\Middleware\\TransformsRequest->handle(Object(Illuminate\\Http\\Request), Object(Closure))
#31 /home/e/e340043kek/TelegramBot/vendor/laravel/framework/src/Illuminate/Pipeline/Pipeline.php(183): Illuminate\\Foundation\\Http\\Middleware\\TrimStrings->handle(Object(Illuminate\\Http\\Request), Object(Closure))
#32 /home/e/e340043kek/TelegramBot/vendor/laravel/framework/src/Illuminate/Foundation/Http/Middleware/ValidatePostSize.php(27): Illuminate\\Pipeline\\Pipeline->Illuminate\\Pipeline\\{closure}(Object(Illuminate\\Http\\Request))
#33 /home/e/e340043kek/TelegramBot/vendor/laravel/framework/src/Illuminate/Pipeline/Pipeline.php(183): Illuminate\\Foundation\\Http\\Middleware\\ValidatePostSize->handle(Object(Illuminate\\Http\\Request), Object(Closure))
#34 /home/e/e340043kek/TelegramBot/vendor/laravel/framework/src/Illuminate/Foundation/Http/Middleware/PreventRequestsDuringMaintenance.php(99): Illuminate\\Pipeline\\Pipeline->Illuminate\\Pipeline\\{closure}(Object(Illuminate\\Http\\Request))
#35 /home/e/e340043kek/TelegramBot/vendor/laravel/framework/src/Illuminate/Pipeline/Pipeline.php(183): Illuminate\\Foundation\\Http\\Middleware\\PreventRequestsDuringMaintenance->handle(Object(Illuminate\\Http\\Request), Object(Closure))
#36 /home/e/e340043kek/TelegramBot/vendor/laravel/framework/src/Illuminate/Http/Middleware/HandleCors.php(62): Illuminate\\Pipeline\\Pipeline->Illuminate\\Pipeline\\{closure}(Object(Illuminate\\Http\\Request))
#37 /home/e/e340043kek/TelegramBot/vendor/laravel/framework/src/Illuminate/Pipeline/Pipeline.php(183): Illuminate\\Http\\Middleware\\HandleCors->handle(Object(Illuminate\\Http\\Request), Object(Closure))
#38 /home/e/e340043kek/TelegramBot/vendor/laravel/framework/src/Illuminate/Http/Middleware/TrustProxies.php(39): Illuminate\\Pipeline\\Pipeline->Illuminate\\Pipeline\\{closure}(Object(Illuminate\\Http\\Request))
#39 /home/e/e340043kek/TelegramBot/vendor/laravel/framework/src/Illuminate/Pipeline/Pipeline.php(183): Illuminate\\Http\\Middleware\\TrustProxies->handle(Object(Illuminate\\Http\\Request), Object(Closure))
#40 /home/e/e340043kek/TelegramBot/vendor/laravel/framework/src/Illuminate/Pipeline/Pipeline.php(119): Illuminate\\Pipeline\\Pipeline->Illuminate\\Pipeline\\{closure}(Object(Illuminate\\Http\\Request))
#41 /home/e/e340043kek/TelegramBot/vendor/laravel/framework/src/Illuminate/Foundation/Http/Kernel.php(175): Illuminate\\Pipeline\\Pipeline->then(Object(Closure))
#42 /home/e/e340043kek/TelegramBot/vendor/laravel/framework/src/Illuminate/Foundation/Http/Kernel.php(144): Illuminate\\Foundation\\Http\\Kernel->sendRequestThroughRouter(Object(Illuminate\\Http\\Request))
#43 /home/e/e340043kek/public_html/index.php(55): Illuminate\\Foundation\\Http\\Kernel->handle(Object(Illuminate\\Http\\Request))
#44 {main}

[previous exception] [object] (GuzzleHttp\\Exception\\ConnectException(code: 0): cURL error 28: Operation timed out after 30002 milliseconds with 21861 bytes received (see https://curl.haxx.se/libcurl/c/libcurl-errors.html) for https://bluzaus.ru/api/user-medicines at /home/e/e340043kek/TelegramBot/vendor/guzzlehttp/guzzle/src/Handler/CurlFactory.php:277)
[stacktrace]
#0 /home/e/e340043kek/TelegramBot/vendor/guzzlehttp/guzzle/src/Handler/CurlFactory.php(207): GuzzleHttp\\Handler\\CurlFactory::createRejection(Object(GuzzleHttp\\Handler\\EasyHandle), Array)
#1 /home/e/e340043kek/TelegramBot/vendor/guzzlehttp/guzzle/src/Handler/CurlFactory.php(159): GuzzleHttp\\Handler\\CurlFactory::finishError(Object(GuzzleHttp\\Handler\\CurlHandler), Object(GuzzleHttp\\Handler\\EasyHandle), Object(GuzzleHttp\\Handler\\CurlFactory))
#2 /home/e/e340043kek/TelegramBot/vendor/guzzlehttp/guzzle/src/Handler/CurlHandler.php(47): GuzzleHttp\\Handler\\CurlFactory::finish(Object(GuzzleHttp\\Handler\\CurlHandler), Object(GuzzleHttp\\Handler\\EasyHandle), Object(GuzzleHttp\\Handler\\CurlFactory))
#3 /home/e/e340043kek/TelegramBot/vendor/guzzlehttp/guzzle/src/Handler/Proxy.php(28): GuzzleHttp\\Handler\\CurlHandler->__invoke(Object(GuzzleHttp\\Psr7\\Request), Array)
#4 /home/e/e340043kek/TelegramBot/vendor/guzzlehttp/guzzle/src/Handler/Proxy.php(48): GuzzleHttp\\Handler\\Proxy::GuzzleHttp\\Handler\\{closure}(Object(GuzzleHttp\\Psr7\\Request), Array)
#5 /home/e/e340043kek/TelegramBot/vendor/laravel/framework/src/Illuminate/Http/Client/PendingRequest.php(1256): GuzzleHttp\\Handler\\Proxy::GuzzleHttp\\Handler\\{closure}(Object(GuzzleHttp\\Psr7\\Request), Array)
#6 /home/e/e340043kek/TelegramBot/vendor/laravel/framework/src/Illuminate/Http/Client/PendingRequest.php(1222): Illuminate\\Http\\Client\\PendingRequest->Illuminate\\Http\\Client\\{closure}(Object(GuzzleHttp\\Psr7\\Request), Array)
#7 /home/e/e340043kek/TelegramBot/vendor/laravel/framework/src/Illuminate/Http/Client/PendingRequest.php(1208): Illuminate\\Http\\Client\\PendingRequest->Illuminate\\Http\\Client\\{closure}(Object(GuzzleHttp\\Psr7\\Request), Array)
#8 /home/e/e340043kek/TelegramBot/vendor/guzzlehttp/guzzle/src/PrepareBodyMiddleware.php(64): Illuminate\\Http\\Client\\PendingRequest->Illuminate\\Http\\Client\\{closure}(Object(GuzzleHttp\\Psr7\\Request), Array)
#9 /home/e/e340043kek/TelegramBot/vendor/guzzlehttp/guzzle/src/Middleware.php(38): GuzzleHttp\\PrepareBodyMiddleware->__invoke(Object(GuzzleHttp\\Psr7\\Request), Array)
#10 /home/e/e340043kek/TelegramBot/vendor/guzzlehttp/guzzle/src/RedirectMiddleware.php(71): GuzzleHttp\\Middleware::GuzzleHttp\\{closure}(Object(GuzzleHttp\\Psr7\\Request), Array)
#11 /home/e/e340043kek/TelegramBot/vendor/guzzlehttp/guzzle/src/Middleware.php(63): GuzzleHttp\\RedirectMiddleware->__invoke(Object(GuzzleHttp\\Psr7\\Request), Array)
#12 /home/e/e340043kek/TelegramBot/vendor/guzzlehttp/guzzle/src/HandlerStack.php(75): GuzzleHttp\\Middleware::GuzzleHttp\\{closure}(Object(GuzzleHttp\\Psr7\\Request), Array)
#13 /home/e/e340043kek/TelegramBot/vendor/guzzlehttp/guzzle/src/Client.php(333): GuzzleHttp\\HandlerStack->__invoke(Object(GuzzleHttp\\Psr7\\Request), Array)
#14 /home/e/e340043kek/TelegramBot/vendor/guzzlehttp/guzzle/src/Client.php(169): GuzzleHttp\\Client->transfer(Object(GuzzleHttp\\Psr7\\Request), Array)
#15 /home/e/e340043kek/TelegramBot/vendor/guzzlehttp/guzzle/src/Client.php(189): GuzzleHttp\\Client->requestAsync('POST', Object(GuzzleHttp\\Psr7\\Uri), Array)
#16 /home/e/e340043kek/TelegramBot/vendor/laravel/framework/src/Illuminate/Http/Client/PendingRequest.php(1053): GuzzleHttp\\Client->request('POST', 'https://bluzaus...', Array)
#17 /home/e/e340043kek/TelegramBot/vendor/laravel/framework/src/Illuminate/Http/Client/PendingRequest.php(894): Illuminate\\Http\\Client\\PendingRequest->sendRequest('POST', 'https://bluzaus...', Array)
#18 /home/e/e340043kek/TelegramBot/vendor/laravel/framework/src/Illuminate/Support/helpers.php(261): Illuminate\\Http\\Client\\PendingRequest->Illuminate\\Http\\Client\\{closure}(1)
#19 /home/e/e340043kek/TelegramBot/vendor/laravel/framework/src/Illuminate/Http/Client/PendingRequest.php(938): retry(0, Object(Closure), 100, Object(Closure))
#20 /home/e/e340043kek/TelegramBot/vendor/laravel/framework/src/Illuminate/Http/Client/PendingRequest.php(799): Illuminate\\Http\\Client\\PendingRequest->send('POST', 'https://bluzaus...', Array)
#21 /home/e/e340043kek/TelegramBot/vendor/laravel/framework/src/Illuminate/Http/Client/Factory.php(461): Illuminate\\Http\\Client\\PendingRequest->post('https://bluzaus...', Array)
#22 /home/e/e340043kek/TelegramBot/vendor/laravel/framework/src/Illuminate/Support/Facades/Facade.php(355): Illuminate\\Http\\Client\\Factory->__call('post', Array)
#23 /home/e/e340043kek/TelegramBot/app/Http/Controllers/TelegramBotController.php(157): Illuminate\\Support\\Facades\\Facade::__callStatic('post', Array)
#24 /home/e/e340043kek/TelegramBot/app/Http/Controllers/TelegramBotController.php(54): App\\Http\\Controllers\\TelegramBotController->addCustomToApteka(1155331497, '\\xD0\\xB0')
#25 /home/e/e340043kek/TelegramBot/vendor/laravel/framework/src/Illuminate/Routing/Controller.php(54): App\\Http\\Controllers\\TelegramBotController->webhook(Object(Illuminate\\Http\\Request))
#26 /home/e/e340043kek/TelegramBot/vendor/laravel/framework/src/Illuminate/Routing/ControllerDispatcher.php(43): Illuminate\\Routing\\Controller->callAction('webhook', Array)
#27 /home/e/e340043kek/TelegramBot/vendor/laravel/framework/src/Illuminate/Routing/Route.php(260): Illuminate\\Routing\\ControllerDispatcher->dispatch(Object(Illuminate\\Routing\\Route), Object(App\\Http\\Controllers\\TelegramBotController), 'webhook')
#28 /home/e/e340043kek/TelegramBot/vendor/laravel/framework/src/Illuminate/Routing/Route.php(205): Illuminate\\Routing\\Route->runController()
#29 /home/e/e340043kek/TelegramBot/vendor/laravel/framework/src/Illuminate/Routing/Router.php(806): Illuminate\\Routing\\Route->run()
#30 /home/e/e340043kek/TelegramBot/vendor/laravel/framework/src/Illuminate/Pipeline/Pipeline.php(144): Illuminate\\Routing\\Router->Illuminate\\Routing\\{closure}(Object(Illuminate\\Http\\Request))
#31 /home/e/e340043kek/TelegramBot/vendor/laravel/framework/src/Illuminate/Routing/Middleware/SubstituteBindings.php(50): Illuminate\\Pipeline\\Pipeline->Illuminate\\Pipeline\\{closure}(Object(Illuminate\\Http\\Request))
#32 /home/e/e340043kek/TelegramBot/vendor/laravel/framework/src/Illuminate/Pipeline/Pipeline.php(183): Illuminate\\Routing\\Middleware\\SubstituteBindings->handle(Object(Illuminate\\Http\\Request), Object(Closure))
#33 /home/e/e340043kek/TelegramBot/vendor/laravel/framework/src/Illuminate/Routing/Middleware/ThrottleRequests.php(159): Illuminate\\Pipeline\\Pipeline->Illuminate\\Pipeline\\{closure}(Object(Illuminate\\Http\\Request))
#34 /home/e/e340043kek/TelegramBot/vendor/laravel/framework/src/Illuminate/Routing/Middleware/ThrottleRequests.php(135): Illuminate\\Routing\\Middleware\\ThrottleRequests->handleRequest(Object(Illuminate\\Http\\Request), Object(Closure), Array)
#35 /home/e/e340043kek/TelegramBot/vendor/laravel/framework/src/Illuminate/Routing/Middleware/ThrottleRequests.php(87): Illuminate\\Routing\\Middleware\\ThrottleRequests->handleRequestUsingNamedLimiter(Object(Illuminate\\Http\\Request), Object(Closure), 'api', Object(Closure))
#36 /home/e/e340043kek/TelegramBot/vendor/laravel/framework/src/Illuminate/Pipeline/Pipeline.php(183): Illuminate\\Routing\\Middleware\\ThrottleRequests->handle(Object(Illuminate\\Http\\Request), Object(Closure), 'api')
#37 /home/e/e340043kek/TelegramBot/vendor/laravel/framework/src/Illuminate/Pipeline/Pipeline.php(119): Illuminate\\Pipeline\\Pipeline->Illuminate\\Pipeline\\{closure}(Object(Illuminate\\Http\\Request))
#38 /home/e/e340043kek/TelegramBot/vendor/laravel/framework/src/Illuminate/Routing/Router.php(807): Illuminate\\Pipeline\\Pipeline->then(Object(Closure))
#39 /home/e/e340043kek/TelegramBot/vendor/laravel/framework/src/Illuminate/Routing/Router.php(784): Illuminate\\Routing\\Router->runRouteWithinStack(Object(Illuminate\\Routing\\Route), Object(Illuminate\\Http\\Request))
#40 /home/e/e340043kek/TelegramBot/vendor/laravel/framework/src/Illuminate/Routing/Router.php(748): Illuminate\\Routing\\Router->runRoute(Object(Illuminate\\Http\\Request), Object(Illuminate\\Routing\\Route))
#41 /home/e/e340043kek/TelegramBot/vendor/laravel/framework/src/Illuminate/Routing/Router.php(737): Illuminate\\Routing\\Router->dispatchToRoute(Object(Illuminate\\Http\\Request))
#42 /home/e/e340043kek/TelegramBot/vendor/laravel/framework/src/Illuminate/Foundation/Http/Kernel.php(200): Illuminate\\Routing\\Router->dispatch(Object(Illuminate\\Http\\Request))
#43 /home/e/e340043kek/TelegramBot/vendor/laravel/framework/src/Illuminate/Pipeline/Pipeline.php(144): Illuminate\\Foundation\\Http\\Kernel->Illuminate\\Foundation\\Http\\{closure}(Object(Illuminate\\Http\\Request))
#44 /home/e/e340043kek/TelegramBot/vendor/laravel/framework/src/Illuminate/Foundation/Http/Middleware/TransformsRequest.php(21): Illuminate\\Pipeline\\Pipeline->Illuminate\\Pipeline\\{closure}(Object(Illuminate\\Http\\Request))
#45 /home/e/e340043kek/TelegramBot/vendor/laravel/framework/src/Illuminate/Foundation/Http/Middleware/ConvertEmptyStringsToNull.php(31): Illuminate\\Foundation\\Http\\Middleware\\TransformsRequest->handle(Object(Illuminate\\Http\\Request), Object(Closure))
#46 /home/e/e340043kek/TelegramBot/vendor/laravel/framework/src/Illuminate/Pipeline/Pipeline.php(183): Illuminate\\Foundation\\Http\\Middleware\\ConvertEmptyStringsToNull->handle(Object(Illuminate\\Http\\Request), Object(Closure))
#47 /home/e/e340043kek/TelegramBot/vendor/laravel/framework/src/Illuminate/Foundation/Http/Middleware/TransformsRequest.php(21): Illuminate\\Pipeline\\Pipeline->Illuminate\\Pipeline\\{closure}(Object(Illuminate\\Http\\Request))
#48 /home/e/e340043kek/TelegramBot/vendor/laravel/framework/src/Illuminate/Foundation/Http/Middleware/TrimStrings.php(40): Illuminate\\Foundation\\Http\\Middleware\\TransformsRequest->handle(Object(Illuminate\\Http\\Request), Object(Closure))
#49 /home/e/e340043kek/TelegramBot/vendor/laravel/framework/src/Illuminate/Pipeline/Pipeline.php(183): Illuminate\\Foundation\\Http\\Middleware\\TrimStrings->handle(Object(Illuminate\\Http\\Request), Object(Closure))
#50 /home/e/e340043kek/TelegramBot/vendor/laravel/framework/src/Illuminate/Foundation/Http/Middleware/ValidatePostSize.php(27): Illuminate\\Pipeline\\Pipeline->Illuminate\\Pipeline\\{closure}(Object(Illuminate\\Http\\Request))
#51 /home/e/e340043kek/TelegramBot/vendor/laravel/framework/src/Illuminate/Pipeline/Pipeline.php(183): Illuminate\\Foundation\\Http\\Middleware\\ValidatePostSize->handle(Object(Illuminate\\Http\\Request), Object(Closure))
#52 /home/e/e340043kek/TelegramBot/vendor/laravel/framework/src/Illuminate/Foundation/Http/Middleware/PreventRequestsDuringMaintenance.php(99): Illuminate\\Pipeline\\Pipeline->Illuminate\\Pipeline\\{closure}(Object(Illuminate\\Http\\Request))
#53 /home/e/e340043kek/TelegramBot/vendor/laravel/framework/src/Illuminate/Pipeline/Pipeline.php(183): Illuminate\\Foundation\\Http\\Middleware\\PreventRequestsDuringMaintenance->handle(Object(Illuminate\\Http\\Request), Object(Closure))
#54 /home/e/e340043kek/TelegramBot/vendor/laravel/framework/src/Illuminate/Http/Middleware/HandleCors.php(62): Illuminate\\Pipeline\\Pipeline->Illuminate\\Pipeline\\{closure}(Object(Illuminate\\Http\\Request))
#55 /home/e/e340043kek/TelegramBot/vendor/laravel/framework/src/Illuminate/Pipeline/Pipeline.php(183): Illuminate\\Http\\Middleware\\HandleCors->handle(Object(Illuminate\\Http\\Request), Object(Closure))
#56 /home/e/e340043kek/TelegramBot/vendor/laravel/framework/src/Illuminate/Http/Middleware/TrustProxies.php(39): Illuminate\\Pipeline\\Pipeline->Illuminate\\Pipeline\\{closure}(Object(Illuminate\\Http\\Request))
#57 /home/e/e340043kek/TelegramBot/vendor/laravel/framework/src/Illuminate/Pipeline/Pipeline.php(183): Illuminate\\Http\\Middleware\\TrustProxies->handle(Object(Illuminate\\Http\\Request), Object(Closure))
#58 /home/e/e340043kek/TelegramBot/vendor/laravel/framework/src/Illuminate/Pipeline/Pipeline.php(119): Illuminate\\Pipeline\\Pipeline->Illuminate\\Pipeline\\{closure}(Object(Illuminate\\Http\\Request))
#59 /home/e/e340043kek/TelegramBot/vendor/laravel/framework/src/Illuminate/Foundation/Http/Kernel.php(175): Illuminate\\Pipeline\\Pipeline->then(Object(Closure))
#60 /home/e/e340043kek/TelegramBot/vendor/laravel/framework/src/Illuminate/Foundation/Http/Kernel.php(144): Illuminate\\Foundation\\Http\\Kernel->sendRequestThroughRouter(Object(Illuminate\\Http\\Request))
#61 /home/e/e340043kek/public_html/index.php(55): Illuminate\\Foundation\\Http\\Kernel->handle(Object(Illuminate\\Http\\Request))
#62 {main}
"} 
[2025-12-19 19:05:19] production.ERROR: Call to a member function addEagerConstraints() on null {"exception":"[object] (Error(code: 0): Call to a member function addEagerConstraints() on null at /home/e/e340043kek/TelegramBot/vendor/laravel/framework/src/Illuminate/Database/Eloquent/Builder.php:778)
[stacktrace]
#0 /home/e/e340043kek/TelegramBot/vendor/laravel/framework/src/Illuminate/Database/Eloquent/Builder.php(756): Illuminate\\Database\\Eloquent\\Builder->eagerLoadRelation(Array, 'details', Object(Closure))
#1 /home/e/e340043kek/TelegramBot/vendor/laravel/framework/src/Illuminate/Database/Eloquent/Builder.php(724): Illuminate\\Database\\Eloquent\\Builder->eagerLoadRelations(Array)
#2 /home/e/e340043kek/TelegramBot/vendor/laravel/framework/src/Illuminate/Database/Eloquent/Relations/Relation.php(203): Illuminate\\Database\\Eloquent\\Builder->get(Array)
#3 /home/e/e340043kek/TelegramBot/app/Http/Controllers/Api/UserMedicineController.php(14): Illuminate\\Database\\Eloquent\\Relations\\Relation->get()
#4 /home/e/e340043kek/TelegramBot/vendor/laravel/framework/src/Illuminate/Routing/Controller.php(54): App\\Http\\Controllers\\Api\\UserMedicineController->index(Object(Illuminate\\Http\\Request))
#5 /home/e/e340043kek/TelegramBot/vendor/laravel/framework/src/Illuminate/Routing/ControllerDispatcher.php(43): Illuminate\\Routing\\Controller->callAction('index', Array)
#6 /home/e/e340043kek/TelegramBot/vendor/laravel/framework/src/Illuminate/Routing/Route.php(260): Illuminate\\Routing\\ControllerDispatcher->dispatch(Object(Illuminate\\Routing\\Route), Object(App\\Http\\Controllers\\Api\\UserMedicineController), 'index')
#7 /home/e/e340043kek/TelegramBot/vendor/laravel/framework/src/Illuminate/Routing/Route.php(205): Illuminate\\Routing\\Route->runController()
#8 /home/e/e340043kek/TelegramBot/vendor/laravel/framework/src/Illuminate/Routing/Router.php(806): Illuminate\\Routing\\Route->run()
#9 /home/e/e340043kek/TelegramBot/vendor/laravel/framework/src/Illuminate/Pipeline/Pipeline.php(144): Illuminate\\Routing\\Router->Illuminate\\Routing\\{closure}(Object(Illuminate\\Http\\Request))
#10 /home/e/e340043kek/TelegramBot/vendor/laravel/framework/src/Illuminate/Routing/Middleware/SubstituteBindings.php(50): Illuminate\\Pipeline\\Pipeline->Illuminate\\Pipeline\\{closure}(Object(Illuminate\\Http\\Request))
#11 /home/e/e340043kek/TelegramBot/vendor/laravel/framework/src/Illuminate/Pipeline/Pipeline.php(183): Illuminate\\Routing\\Middleware\\SubstituteBindings->handle(Object(Illuminate\\Http\\Request), Object(Closure))
#12 /home/e/e340043kek/TelegramBot/vendor/laravel/framework/src/Illuminate/Routing/Middleware/ThrottleRequests.php(159): Illuminate\\Pipeline\\Pipeline->Illuminate\\Pipeline\\{closure}(Object(Illuminate\\Http\\Request))
#13 /home/e/e340043kek/TelegramBot/vendor/laravel/framework/src/Illuminate/Routing/Middleware/ThrottleRequests.php(135): Illuminate\\Routing\\Middleware\\ThrottleRequests->handleRequest(Object(Illuminate\\Http\\Request), Object(Closure), Array)
#14 /home/e/e340043kek/TelegramBot/vendor/laravel/framework/src/Illuminate/Routing/Middleware/ThrottleRequests.php(87): Illuminate\\Routing\\Middleware\\ThrottleRequests->handleRequestUsingNamedLimiter(Object(Illuminate\\Http\\Request), Object(Closure), 'api', Object(Closure))
#15 /home/e/e340043kek/TelegramBot/vendor/laravel/framework/src/Illuminate/Pipeline/Pipeline.php(183): Illuminate\\Routing\\Middleware\\ThrottleRequests->handle(Object(Illuminate\\Http\\Request), Object(Closure), 'api')
#16 /home/e/e340043kek/TelegramBot/vendor/laravel/framework/src/Illuminate/Pipeline/Pipeline.php(119): Illuminate\\Pipeline\\Pipeline->Illuminate\\Pipeline\\{closure}(Object(Illuminate\\Http\\Request))
#17 /home/e/e340043kek/TelegramBot/vendor/laravel/framework/src/Illuminate/Routing/Router.php(807): Illuminate\\Pipeline\\Pipeline->then(Object(Closure))
#18 /home/e/e340043kek/TelegramBot/vendor/laravel/framework/src/Illuminate/Routing/Router.php(784): Illuminate\\Routing\\Router->runRouteWithinStack(Object(Illuminate\\Routing\\Route), Object(Illuminate\\Http\\Request))
#19 /home/e/e340043kek/TelegramBot/vendor/laravel/framework/src/Illuminate/Routing/Router.php(748): Illuminate\\Routing\\Router->runRoute(Object(Illuminate\\Http\\Request), Object(Illuminate\\Routing\\Route))
#20 /home/e/e340043kek/TelegramBot/vendor/laravel/framework/src/Illuminate/Routing/Router.php(737): Illuminate\\Routing\\Router->dispatchToRoute(Object(Illuminate\\Http\\Request))
#21 /home/e/e340043kek/TelegramBot/vendor/laravel/framework/src/Illuminate/Foundation/Http/Kernel.php(200): Illuminate\\Routing\\Router->dispatch(Object(Illuminate\\Http\\Request))
#22 /home/e/e340043kek/TelegramBot/vendor/laravel/framework/src/Illuminate/Pipeline/Pipeline.php(144): Illuminate\\Foundation\\Http\\Kernel->Illuminate\\Foundation\\Http\\{closure}(Object(Illuminate\\Http\\Request))
#23 /home/e/e340043kek/TelegramBot/vendor/laravel/framework/src/Illuminate/Foundation/Http/Middleware/TransformsRequest.php(21): Illuminate\\Pipeline\\Pipeline->Illuminate\\Pipeline\\{closure}(Object(Illuminate\\Http\\Request))
#24 /home/e/e340043kek/TelegramBot/vendor/laravel/framework/src/Illuminate/Foundation/Http/Middleware/ConvertEmptyStringsToNull.php(31): Illuminate\\Foundation\\Http\\Middleware\\TransformsRequest->handle(Object(Illuminate\\Http\\Request), Object(Closure))
#25 /home/e/e340043kek/TelegramBot/vendor/laravel/framework/src/Illuminate/Pipeline/Pipeline.php(183): Illuminate\\Foundation\\Http\\Middleware\\ConvertEmptyStringsToNull->handle(Object(Illuminate\\Http\\Request), Object(Closure))
#26 /home/e/e340043kek/TelegramBot/vendor/laravel/framework/src/Illuminate/Foundation/Http/Middleware/TransformsRequest.php(21): Illuminate\\Pipeline\\Pipeline->Illuminate\\Pipeline\\{closure}(Object(Illuminate\\Http\\Request))
#27 /home/e/e340043kek/TelegramBot/vendor/laravel/framework/src/Illuminate/Foundation/Http/Middleware/TrimStrings.php(40): Illuminate\\Foundation\\Http\\Middleware\\TransformsRequest->handle(Object(Illuminate\\Http\\Request), Object(Closure))
#28 /home/e/e340043kek/TelegramBot/vendor/laravel/framework/src/Illuminate/Pipeline/Pipeline.php(183): Illuminate\\Foundation\\Http\\Middleware\\TrimStrings->handle(Object(Illuminate\\Http\\Request), Object(Closure))
#29 /home/e/e340043kek/TelegramBot/vendor/laravel/framework/src/Illuminate/Foundation/Http/Middleware/ValidatePostSize.php(27): Illuminate\\Pipeline\\Pipeline->Illuminate\\Pipeline\\{closure}(Object(Illuminate\\Http\\Request))
#30 /home/e/e340043kek/TelegramBot/vendor/laravel/framework/src/Illuminate/Pipeline/Pipeline.php(183): Illuminate\\Foundation\\Http\\Middleware\\ValidatePostSize->handle(Object(Illuminate\\Http\\Request), Object(Closure))
#31 /home/e/e340043kek/TelegramBot/vendor/laravel/framework/src/Illuminate/Foundation/Http/Middleware/PreventRequestsDuringMaintenance.php(99): Illuminate\\Pipeline\\Pipeline->Illuminate\\Pipeline\\{closure}(Object(Illuminate\\Http\\Request))
#32 /home/e/e340043kek/TelegramBot/vendor/laravel/framework/src/Illuminate/Pipeline/Pipeline.php(183): Illuminate\\Foundation\\Http\\Middleware\\PreventRequestsDuringMaintenance->handle(Object(Illuminate\\Http\\Request), Object(Closure))
#33 /home/e/e340043kek/TelegramBot/vendor/laravel/framework/src/Illuminate/Http/Middleware/HandleCors.php(62): Illuminate\\Pipeline\\Pipeline->Illuminate\\Pipeline\\{closure}(Object(Illuminate\\Http\\Request))
#34 /home/e/e340043kek/TelegramBot/vendor/laravel/framework/src/Illuminate/Pipeline/Pipeline.php(183): Illuminate\\Http\\Middleware\\HandleCors->handle(Object(Illuminate\\Http\\Request), Object(Closure))
#35 /home/e/e340043kek/TelegramBot/vendor/laravel/framework/src/Illuminate/Http/Middleware/TrustProxies.php(39): Illuminate\\Pipeline\\Pipeline->Illuminate\\Pipeline\\{closure}(Object(Illuminate\\Http\\Request))
#36 /home/e/e340043kek/TelegramBot/vendor/laravel/framework/src/Illuminate/Pipeline/Pipeline.php(183): Illuminate\\Http\\Middleware\\TrustProxies->handle(Object(Illuminate\\Http\\Request), Object(Closure))
#37 /home/e/e340043kek/TelegramBot/vendor/laravel/framework/src/Illuminate/Pipeline/Pipeline.php(119): Illuminate\\Pipeline\\Pipeline->Illuminate\\Pipeline\\{closure}(Object(Illuminate\\Http\\Request))
#38 /home/e/e340043kek/TelegramBot/vendor/laravel/framework/src/Illuminate/Foundation/Http/Kernel.php(175): Illuminate\\Pipeline\\Pipeline->then(Object(Closure))
#39 /home/e/e340043kek/TelegramBot/vendor/laravel/framework/src/Illuminate/Foundation/Http/Kernel.php(144): Illuminate\\Foundation\\Http\\Kernel->sendRequestThroughRouter(Object(Illuminate\\Http\\Request))
#40 /home/e/e340043kek/public_html/index.php(55): Illuminate\\Foundation\\Http\\Kernel->handle(Object(Illuminate\\Http\\Request))
#41 {main}
"} 
[2025-12-20 01:08:38] production.ERROR: Required "token" not supplied in config and could not find fallback environment variable TELEGRAM_BOT_TOKEN {"exception":"[object] (Telegram\\Bot\\Exceptions\\TelegramSDKException(code: 0): Required \"token\" not supplied in config and could not find fallback environment variable TELEGRAM_BOT_TOKEN at /var/www/html/vendor/irazasyed/telegram-bot-sdk/src/Exceptions/TelegramSDKException.php:17)
[stacktrace]
#0 /var/www/html/vendor/irazasyed/telegram-bot-sdk/src/Api.php(96): Telegram\\Bot\\Exceptions\\TelegramSDKException::tokenNotProvided('TELEGRAM_BOT_TO...')
#1 /var/www/html/vendor/irazasyed/telegram-bot-sdk/src/Api.php(78): Telegram\\Bot\\Api->validateAccessToken()
#2 /var/www/html/app/Console/Commands/SendMedicineReminders.php(22): Telegram\\Bot\\Api->__construct(NULL)
#3 [internal function]: App\\Console\\Commands\\SendMedicineReminders->__construct()
#4 /var/www/html/vendor/laravel/framework/src/Illuminate/Container/Container.php(952): ReflectionClass->newInstanceArgs(Array)
#5 /var/www/html/vendor/laravel/framework/src/Illuminate/Container/Container.php(795): Illuminate\\Container\\Container->build('App\\\\Console\\\\Com...')
#6 /var/www/html/vendor/laravel/framework/src/Illuminate/Foundation/Application.php(986): Illuminate\\Container\\Container->resolve('App\\\\Console\\\\Com...', Array, true)
#7 /var/www/html/vendor/laravel/framework/src/Illuminate/Container/Container.php(731): Illuminate\\Foundation\\Application->resolve('App\\\\Console\\\\Com...', Array)
#8 /var/www/html/vendor/laravel/framework/src/Illuminate/Foundation/Application.php(971): Illuminate\\Container\\Container->make('App\\\\Console\\\\Com...', Array)
#9 /var/www/html/vendor/laravel/framework/src/Illuminate/Console/Application.php(251): Illuminate\\Foundation\\Application->make('App\\\\Console\\\\Com...')
#10 /var/www/html/vendor/laravel/framework/src/Illuminate/Foundation/Console/Kernel.php(349): Illuminate\\Console\\Application->resolve('App\\\\Console\\\\Com...')
#11 /var/www/html/vendor/laravel/framework/src/Illuminate/Console/Application.php(130): Illuminate\\Foundation\\Console\\Kernel->Illuminate\\Foundation\\Console\\{closure}(Object(Illuminate\\Console\\Application))
#12 /var/www/html/vendor/laravel/framework/src/Illuminate/Console/Application.php(77): Illuminate\\Console\\Application->bootstrap()
#13 /var/www/html/vendor/laravel/framework/src/Illuminate/Foundation/Console/Kernel.php(481): Illuminate\\Console\\Application->__construct(Object(Illuminate\\Foundation\\Application), Object(Illuminate\\Events\\Dispatcher), '10.50.0')
#14 /var/www/html/vendor/laravel/framework/src/Illuminate/Foundation/Console/Kernel.php(201): Illuminate\\Foundation\\Console\\Kernel->getArtisan()
#15 /var/www/html/artisan(37): Illuminate\\Foundation\\Console\\Kernel->handle(Object(Symfony\\Component\\Console\\Input\\ArgvInput), Object(Symfony\\Component\\Console\\Output\\ConsoleOutput))
#16 {main}
"} 
[2025-12-20 01:10:45] production.ERROR: Required "token" not supplied in config and could not find fallback environment variable TELEGRAM_BOT_TOKEN {"exception":"[object] (Telegram\\Bot\\Exceptions\\TelegramSDKException(code: 0): Required \"token\" not supplied in config and could not find fallback environment variable TELEGRAM_BOT_TOKEN at /var/www/html/vendor/irazasyed/telegram-bot-sdk/src/Exceptions/TelegramSDKException.php:17)
[stacktrace]
#0 /var/www/html/vendor/irazasyed/telegram-bot-sdk/src/Api.php(96): Telegram\\Bot\\Exceptions\\TelegramSDKException::tokenNotProvided('TELEGRAM_BOT_TO...')
#1 /var/www/html/vendor/irazasyed/telegram-bot-sdk/src/Api.php(78): Telegram\\Bot\\Api->validateAccessToken()
#2 /var/www/html/app/Console/Commands/SendMedicineReminders.php(22): Telegram\\Bot\\Api->__construct(NULL)
#3 [internal function]: App\\Console\\Commands\\SendMedicineReminders->__construct()
#4 /var/www/html/vendor/laravel/framework/src/Illuminate/Container/Container.php(952): ReflectionClass->newInstanceArgs(Array)
#5 /var/www/html/vendor/laravel/framework/src/Illuminate/Container/Container.php(795): Illuminate\\Container\\Container->build('App\\\\Console\\\\Com...')
#6 /var/www/html/vendor/laravel/framework/src/Illuminate/Foundation/Application.php(986): Illuminate\\Container\\Container->resolve('App\\\\Console\\\\Com...', Array, true)
#7 /var/www/html/vendor/laravel/framework/src/Illuminate/Container/Container.php(731): Illuminate\\Foundation\\Application->resolve('App\\\\Console\\\\Com...', Array)
#8 /var/www/html/vendor/laravel/framework/src/Illuminate/Foundation/Application.php(971): Illuminate\\Container\\Container->make('App\\\\Console\\\\Com...', Array)
#9 /var/www/html/vendor/laravel/framework/src/Illuminate/Console/Application.php(251): Illuminate\\Foundation\\Application->make('App\\\\Console\\\\Com...')
#10 /var/www/html/vendor/laravel/framework/src/Illuminate/Foundation/Console/Kernel.php(349): Illuminate\\Console\\Application->resolve('App\\\\Console\\\\Com...')
#11 /var/www/html/vendor/laravel/framework/src/Illuminate/Console/Application.php(130): Illuminate\\Foundation\\Console\\Kernel->Illuminate\\Foundation\\Console\\{closure}(Object(Illuminate\\Console\\Application))
#12 /var/www/html/vendor/laravel/framework/src/Illuminate/Console/Application.php(77): Illuminate\\Console\\Application->bootstrap()
#13 /var/www/html/vendor/laravel/framework/src/Illuminate/Foundation/Console/Kernel.php(481): Illuminate\\Console\\Application->__construct(Object(Illuminate\\Foundation\\Application), Object(Illuminate\\Events\\Dispatcher), '10.50.0')
#14 /var/www/html/vendor/laravel/framework/src/Illuminate/Foundation/Console/Kernel.php(201): Illuminate\\Foundation\\Console\\Kernel->getArtisan()
#15 /var/www/html/artisan(37): Illuminate\\Foundation\\Console\\Kernel->handle(Object(Symfony\\Component\\Console\\Input\\ArgvInput), Object(Symfony\\Component\\Console\\Output\\ConsoleOutput))
#16 {main}
"} 
[2025-12-20 01:12:59] production.ERROR: Required "token" not supplied in config and could not find fallback environment variable TELEGRAM_BOT_TOKEN {"exception":"[object] (Telegram\\Bot\\Exceptions\\TelegramSDKException(code: 0): Required \"token\" not supplied in config and could not find fallback environment variable TELEGRAM_BOT_TOKEN at /var/www/html/vendor/irazasyed/telegram-bot-sdk/src/Exceptions/TelegramSDKException.php:17)
[stacktrace]
#0 /var/www/html/vendor/irazasyed/telegram-bot-sdk/src/Api.php(96): Telegram\\Bot\\Exceptions\\TelegramSDKException::tokenNotProvided('TELEGRAM_BOT_TO...')
#1 /var/www/html/vendor/irazasyed/telegram-bot-sdk/src/Api.php(78): Telegram\\Bot\\Api->validateAccessToken()
#2 /var/www/html/app/Console/Commands/SendMedicineReminders.php(22): Telegram\\Bot\\Api->__construct(NULL)
#3 [internal function]: App\\Console\\Commands\\SendMedicineReminders->__construct()
#4 /var/www/html/vendor/laravel/framework/src/Illuminate/Container/Container.php(952): ReflectionClass->newInstanceArgs(Array)
#5 /var/www/html/vendor/laravel/framework/src/Illuminate/Container/Container.php(795): Illuminate\\Container\\Container->build('App\\\\Console\\\\Com...')
#6 /var/www/html/vendor/laravel/framework/src/Illuminate/Foundation/Application.php(986): Illuminate\\Container\\Container->resolve('App\\\\Console\\\\Com...', Array, true)
#7 /var/www/html/vendor/laravel/framework/src/Illuminate/Container/Container.php(731): Illuminate\\Foundation\\Application->resolve('App\\\\Console\\\\Com...', Array)
#8 /var/www/html/vendor/laravel/framework/src/Illuminate/Foundation/Application.php(971): Illuminate\\Container\\Container->make('App\\\\Console\\\\Com...', Array)
#9 /var/www/html/vendor/laravel/framework/src/Illuminate/Console/Application.php(251): Illuminate\\Foundation\\Application->make('App\\\\Console\\\\Com...')
#10 /var/www/html/vendor/laravel/framework/src/Illuminate/Foundation/Console/Kernel.php(349): Illuminate\\Console\\Application->resolve('App\\\\Console\\\\Com...')
#11 /var/www/html/vendor/laravel/framework/src/Illuminate/Console/Application.php(130): Illuminate\\Foundation\\Console\\Kernel->Illuminate\\Foundation\\Console\\{closure}(Object(Illuminate\\Console\\Application))
#12 /var/www/html/vendor/laravel/framework/src/Illuminate/Console/Application.php(77): Illuminate\\Console\\Application->bootstrap()
#13 /var/www/html/vendor/laravel/framework/src/Illuminate/Foundation/Console/Kernel.php(481): Illuminate\\Console\\Application->__construct(Object(Illuminate\\Foundation\\Application), Object(Illuminate\\Events\\Dispatcher), '10.50.0')
#14 /var/www/html/vendor/laravel/framework/src/Illuminate/Foundation/Console/Kernel.php(201): Illuminate\\Foundation\\Console\\Kernel->getArtisan()
#15 /var/www/html/artisan(37): Illuminate\\Foundation\\Console\\Kernel->handle(Object(Symfony\\Component\\Console\\Input\\ArgvInput), Object(Symfony\\Component\\Console\\Output\\ConsoleOutput))
#16 {main}
"} 
[2025-12-20 01:18:08] production.ERROR: Class "Telegram\Bot\Api" not found {"exception":"[object] (Error(code: 0): Class \"Telegram\\Bot\\Api\" not found at /var/www/html/app/Console/Commands/SendMedicineReminders.php:22)
[stacktrace]
#0 [internal function]: App\\Console\\Commands\\SendMedicineReminders->__construct()
#1 /var/www/html/vendor/laravel/framework/src/Illuminate/Container/Container.php(952): ReflectionClass->newInstanceArgs(Array)
#2 /var/www/html/vendor/laravel/framework/src/Illuminate/Container/Container.php(795): Illuminate\\Container\\Container->build('App\\\\Console\\\\Com...')
#3 /var/www/html/vendor/laravel/framework/src/Illuminate/Foundation/Application.php(986): Illuminate\\Container\\Container->resolve('App\\\\Console\\\\Com...', Array, true)
#4 /var/www/html/vendor/laravel/framework/src/Illuminate/Container/Container.php(731): Illuminate\\Foundation\\Application->resolve('App\\\\Console\\\\Com...', Array)
#5 /var/www/html/vendor/laravel/framework/src/Illuminate/Foundation/Application.php(971): Illuminate\\Container\\Container->make('App\\\\Console\\\\Com...', Array)
#6 /var/www/html/vendor/laravel/framework/src/Illuminate/Console/Application.php(251): Illuminate\\Foundation\\Application->make('App\\\\Console\\\\Com...')
#7 /var/www/html/vendor/laravel/framework/src/Illuminate/Foundation/Console/Kernel.php(349): Illuminate\\Console\\Application->resolve('App\\\\Console\\\\Com...')
#8 /var/www/html/vendor/laravel/framework/src/Illuminate/Console/Application.php(130): Illuminate\\Foundation\\Console\\Kernel->{closure:Illuminate\\Foundation\\Console\\Kernel::load():348}(Object(Illuminate\\Console\\Application))
#9 /var/www/html/vendor/laravel/framework/src/Illuminate/Console/Application.php(77): Illuminate\\Console\\Application->bootstrap()
#10 /var/www/html/vendor/laravel/framework/src/Illuminate/Foundation/Console/Kernel.php(481): Illuminate\\Console\\Application->__construct(Object(Illuminate\\Foundation\\Application), Object(Illuminate\\Events\\Dispatcher), '10.50.0')
#11 /var/www/html/vendor/laravel/framework/src/Illuminate/Foundation/Console/Kernel.php(201): Illuminate\\Foundation\\Console\\Kernel->getArtisan()
#12 /var/www/html/artisan(35): Illuminate\\Foundation\\Console\\Kernel->handle(Object(Symfony\\Component\\Console\\Input\\ArgvInput), Object(Symfony\\Component\\Console\\Output\\ConsoleOutput))
#13 {main}
"} 
[2025-12-20 01:21:09] production.ERROR: Required "token" not supplied in config and could not find fallback environment variable TELEGRAM_BOT_TOKEN {"exception":"[object] (Telegram\\Bot\\Exceptions\\TelegramSDKException(code: 0): Required \"token\" not supplied in config and could not find fallback environment variable TELEGRAM_BOT_TOKEN at /var/www/html/vendor/irazasyed/telegram-bot-sdk/src/Exceptions/TelegramSDKException.php:17)
[stacktrace]
#0 /var/www/html/vendor/irazasyed/telegram-bot-sdk/src/Api.php(96): Telegram\\Bot\\Exceptions\\TelegramSDKException::tokenNotProvided('TELEGRAM_BOT_TO...')
#1 /var/www/html/vendor/irazasyed/telegram-bot-sdk/src/Api.php(78): Telegram\\Bot\\Api->validateAccessToken()
#2 /var/www/html/app/Console/Commands/SendMedicineReminders.php(22): Telegram\\Bot\\Api->__construct(NULL)
#3 [internal function]: App\\Console\\Commands\\SendMedicineReminders->__construct()
#4 /var/www/html/vendor/laravel/framework/src/Illuminate/Container/Container.php(952): ReflectionClass->newInstanceArgs(Array)
#5 /var/www/html/vendor/laravel/framework/src/Illuminate/Container/Container.php(795): Illuminate\\Container\\Container->build('App\\\\Console\\\\Com...')
#6 /var/www/html/vendor/laravel/framework/src/Illuminate/Foundation/Application.php(986): Illuminate\\Container\\Container->resolve('App\\\\Console\\\\Com...', Array, true)
#7 /var/www/html/vendor/laravel/framework/src/Illuminate/Container/Container.php(731): Illuminate\\Foundation\\Application->resolve('App\\\\Console\\\\Com...', Array)
#8 /var/www/html/vendor/laravel/framework/src/Illuminate/Foundation/Application.php(971): Illuminate\\Container\\Container->make('App\\\\Console\\\\Com...', Array)
#9 /var/www/html/vendor/laravel/framework/src/Illuminate/Console/Application.php(251): Illuminate\\Foundation\\Application->make('App\\\\Console\\\\Com...')
#10 /var/www/html/vendor/laravel/framework/src/Illuminate/Foundation/Console/Kernel.php(349): Illuminate\\Console\\Application->resolve('App\\\\Console\\\\Com...')
#11 /var/www/html/vendor/laravel/framework/src/Illuminate/Console/Application.php(130): Illuminate\\Foundation\\Console\\Kernel->{closure:Illuminate\\Foundation\\Console\\Kernel::load():348}(Object(Illuminate\\Console\\Application))
#12 /var/www/html/vendor/laravel/framework/src/Illuminate/Console/Application.php(77): Illuminate\\Console\\Application->bootstrap()
#13 /var/www/html/vendor/laravel/framework/src/Illuminate/Foundation/Console/Kernel.php(481): Illuminate\\Console\\Application->__construct(Object(Illuminate\\Foundation\\Application), Object(Illuminate\\Events\\Dispatcher), '10.50.0')
#14 /var/www/html/vendor/laravel/framework/src/Illuminate/Foundation/Console/Kernel.php(201): Illuminate\\Foundation\\Console\\Kernel->getArtisan()
#15 /var/www/html/artisan(35): Illuminate\\Foundation\\Console\\Kernel->handle(Object(Symfony\\Component\\Console\\Input\\ArgvInput), Object(Symfony\\Component\\Console\\Output\\ConsoleOutput))
#16 {main}
"} 
